# JRE version: OpenJDK Runtime Environment (21.0.9) (build 21.0.9+-14649483-b1163.86)
# Java VM: OpenJDK 64-Bit Server VM (21.0.9+-14649483-b1163.86, mixed mode, tiered, compressed oops, compressed class ptrs, g1 gc, windows-amd64)
GC Precious Log:
 CardTable entry size: 512
 Card Set container configuration: InlinePtr #cards 4 size 8 Array Of Cards #cards 16 size 48 Howl #buckets 8 coarsen threshold 3686 Howl Bitmap #cards 512 size 80 coarsen threshold 460 Card regions per heap region 1 cards per card region 4096
 CPUs: 12 total, 12 available
 Memory: 16052M
 Large Page Support: Disabled
 NUMA Support: Disabled
 Compressed Oops: Enabled (Zero based)
 Heap Region Size: 2M
 Heap Min Capacity: 8M
 Heap Initial Capacity: 252M
 Heap Max Capacity: 4014M
 Pre-touch: Disabled
 Parallel Workers: 10
 Concurrent Workers: 3
 Concurrent Refinement Workers: 10
 Periodic GC: Disabled
Heap:
 garbage-first heap   total 163840K, used 124569K [0x0000000705200000, 0x0000000800000000)
  region size 2048K, 15 young (30720K), 2 survivors (4096K)
 Metaspace       used 93954K, committed 95808K, reserved 1179648K
  class space    used 13379K, committed 14272K, reserved 1048576K
GC Heap History (20 events):
Event: 7.191 GC heap before
{Heap before GC invocations=17 (full 0):
 garbage-first heap   total 118784K, used 82388K [0x0000000705200000, 0x0000000800000000)
  region size 2048K, 16 young (32768K), 3 survivors (6144K)
 Metaspace       used 74812K, committed 76608K, reserved 1179648K
  class space    used 10724K, committed 11584K, reserved 1048576K
}
Event: 7.195 GC heap after
{Heap after GC invocations=18 (full 0):
 garbage-first heap   total 118784K, used 59246K [0x0000000705200000, 0x0000000800000000)
  region size 2048K, 2 young (4096K), 2 survivors (4096K)
 Metaspace       used 74812K, committed 76608K, reserved 1179648K
  class space    used 10724K, committed 11584K, reserved 1048576K
}
Event: 7.612 GC heap before
{Heap before GC invocations=19 (full 0):
 garbage-first heap   total 118784K, used 110446K [0x0000000705200000, 0x0000000800000000)
  region size 2048K, 25 young (51200K), 2 survivors (4096K)
 Metaspace       used 77875K, committed 79616K, reserved 1179648K
  class space    used 11187K, committed 12032K, reserved 1048576K
}
Event: 7.616 GC heap after
{Heap after GC invocations=20 (full 0):
 garbage-first heap   total 143360K, used 66217K [0x0000000705200000, 0x0000000800000000)
  region size 2048K, 3 young (6144K), 3 survivors (6144K)
 Metaspace       used 77875K, committed 79616K, reserved 1179648K
  class space    used 11187K, committed 12032K, reserved 1048576K
}
Event: 8.281 GC heap before
{Heap before GC invocations=20 (full 0):
 garbage-first heap   total 143360K, used 125609K [0x0000000705200000, 0x0000000800000000)
  region size 2048K, 33 young (67584K), 3 survivors (6144K)
 Metaspace       used 82319K, committed 84096K, reserved 1179648K
  class space    used 11896K, committed 12736K, reserved 1048576K
}
Event: 8.288 GC heap after
{Heap after GC invocations=21 (full 0):
 garbage-first heap   total 143360K, used 70328K [0x0000000705200000, 0x0000000800000000)
  region size 2048K, 5 young (10240K), 5 survivors (10240K)
 Metaspace       used 82319K, committed 84096K, reserved 1179648K
  class space    used 11896K, committed 12736K, reserved 1048576K
}
Event: 8.935 GC heap before
{Heap before GC invocations=21 (full 0):
 garbage-first heap   total 143360K, used 125624K [0x0000000705200000, 0x0000000800000000)
  region size 2048K, 33 young (67584K), 5 survivors (10240K)
 Metaspace       used 84550K, committed 86400K, reserved 1179648K
  class space    used 12245K, committed 13184K, reserved 1048576K
}
Event: 8.941 GC heap after
{Heap after GC invocations=22 (full 0):
 garbage-first heap   total 143360K, used 75655K [0x0000000705200000, 0x0000000800000000)
  region size 2048K, 5 young (10240K), 5 survivors (10240K)
 Metaspace       used 84550K, committed 86400K, reserved 1179648K
  class space    used 12245K, committed 13184K, reserved 1048576K
}
Event: 9.072 GC heap before
{Heap before GC invocations=22 (full 0):
 garbage-first heap   total 143360K, used 128903K [0x0000000705200000, 0x0000000800000000)
  region size 2048K, 31 young (63488K), 5 survivors (10240K)
 Metaspace       used 84797K, committed 86720K, reserved 1179648K
  class space    used 12246K, committed 13184K, reserved 1048576K
}
Event: 9.077 GC heap after
{Heap after GC invocations=23 (full 0):
 garbage-first heap   total 145408K, used 79195K [0x0000000705200000, 0x0000000800000000)
  region size 2048K, 3 young (6144K), 3 survivors (6144K)
 Metaspace       used 84797K, committed 86720K, reserved 1179648K
  class space    used 12246K, committed 13184K, reserved 1048576K
}
Event: 9.199 GC heap before
{Heap before GC invocations=24 (full 0):
 garbage-first heap   total 145408K, used 126299K [0x0000000705200000, 0x0000000800000000)
  region size 2048K, 27 young (55296K), 3 survivors (6144K)
 Metaspace       used 84810K, committed 86720K, reserved 1179648K
  class space    used 12247K, committed 13184K, reserved 1048576K
}
Event: 9.203 GC heap after
{Heap after GC invocations=25 (full 0):
 garbage-first heap   total 145408K, used 81408K [0x0000000705200000, 0x0000000800000000)
  region size 2048K, 3 young (6144K), 3 survivors (6144K)
 Metaspace       used 84810K, committed 86720K, reserved 1179648K
  class space    used 12247K, committed 13184K, reserved 1048576K
}
Event: 9.567 GC heap before
{Heap before GC invocations=25 (full 0):
 garbage-first heap   total 145408K, used 130560K [0x0000000705200000, 0x0000000800000000)
  region size 2048K, 27 young (55296K), 3 survivors (6144K)
 Metaspace       used 85723K, committed 87552K, reserved 1179648K
  class space    used 12359K, committed 13248K, reserved 1048576K
}
Event: 9.572 GC heap after
{Heap after GC invocations=26 (full 0):
 garbage-first heap   total 151552K, used 91304K [0x0000000705200000, 0x0000000800000000)
  region size 2048K, 4 young (8192K), 4 survivors (8192K)
 Metaspace       used 85723K, committed 87552K, reserved 1179648K
  class space    used 12359K, committed 13248K, reserved 1048576K
}
Event: 9.673 GC heap before
{Heap before GC invocations=26 (full 0):
 garbage-first heap   total 151552K, used 99496K [0x0000000705200000, 0x0000000800000000)
  region size 2048K, 9 young (18432K), 4 survivors (8192K)
 Metaspace       used 85813K, committed 87680K, reserved 1179648K
  class space    used 12370K, committed 13312K, reserved 1048576K
}
Event: 9.677 GC heap after
{Heap after GC invocations=27 (full 0):
 garbage-first heap   total 151552K, used 94815K [0x0000000705200000, 0x0000000800000000)
  region size 2048K, 1 young (2048K), 1 survivors (2048K)
 Metaspace       used 85813K, committed 87680K, reserved 1179648K
  class space    used 12370K, committed 13312K, reserved 1048576K
}
Event: 9.979 GC heap before
{Heap before GC invocations=28 (full 0):
 garbage-first heap   total 163840K, used 129631K [0x0000000705200000, 0x0000000800000000)
  region size 2048K, 18 young (36864K), 1 survivors (2048K)
 Metaspace       used 88467K, committed 90432K, reserved 1179648K
  class space    used 12738K, committed 13696K, reserved 1048576K
}
Event: 9.983 GC heap after
{Heap after GC invocations=29 (full 0):
 garbage-first heap   total 163840K, used 100177K [0x0000000705200000, 0x0000000800000000)
  region size 2048K, 3 young (6144K), 3 survivors (6144K)
 Metaspace       used 88467K, committed 90432K, reserved 1179648K
  class space    used 12738K, committed 13696K, reserved 1048576K
}
Event: 10.449 GC heap before
{Heap before GC invocations=29 (full 0):
 garbage-first heap   total 163840K, used 139089K [0x0000000705200000, 0x0000000800000000)
  region size 2048K, 22 young (45056K), 3 survivors (6144K)
 Metaspace       used 93098K, committed 94976K, reserved 1179648K
  class space    used 13242K, committed 14144K, reserved 1048576K
}
Event: 10.453 GC heap after
{Heap after GC invocations=30 (full 0):
 garbage-first heap   total 163840K, used 102041K [0x0000000705200000, 0x0000000800000000)
  region size 2048K, 2 young (4096K), 2 survivors (4096K)
 Metaspace       used 93098K, committed 94976K, reserved 1179648K
  class space    used 13242K, committed 14144K, reserved 1048576K
}

