# JRE version: OpenJDK Runtime Environment (21.0.9) (build 21.0.9+-14649483-b1163.86)
# Java VM: OpenJDK 64-Bit Server VM (21.0.9+-14649483-b1163.86, mixed mode, tiered, compressed oops, compressed class ptrs, g1 gc, windows-amd64)
GC Precious Log:
 CardTable entry size: 512
 Card Set container configuration: InlinePtr #cards 4 size 8 Array Of Cards #cards 16 size 48 Howl #buckets 8 coarsen threshold 3686 Howl Bitmap #cards 512 size 80 coarsen threshold 460 Card regions per heap region 1 cards per card region 4096
 CPUs: 12 total, 12 available
 Memory: 16052M
 Large Page Support: Disabled
 NUMA Support: Disabled
 Compressed Oops: Enabled (Zero based)
 Heap Region Size: 2M
 Heap Min Capacity: 8M
 Heap Initial Capacity: 252M
 Heap Max Capacity: 4014M
 Pre-touch: Disabled
 Parallel Workers: 10
 Concurrent Workers: 3
 Concurrent Refinement Workers: 10
 Periodic GC: Disabled
Heap:
 garbage-first heap   total 151552K, used 135514K [0x0000000705200000, 0x0000000800000000)
  region size 2048K, 29 young (59392K), 4 survivors (8192K)
 Metaspace       used 86041K, committed 88000K, reserved 1179648K
  class space    used 12415K, committed 13376K, reserved 1048576K
GC Heap History (20 events):
Event: 5.584 GC heap after
{Heap after GC invocations=14 (full 0):
 garbage-first heap   total 90112K, used 38255K [0x0000000705200000, 0x0000000800000000)
  region size 2048K, 2 young (4096K), 2 survivors (4096K)
 Metaspace       used 58583K, committed 60096K, reserved 1114112K
  class space    used 8273K, committed 9024K, reserved 1048576K
}
Event: 5.970 GC heap before
{Heap before GC invocations=15 (full 0):
 garbage-first heap   total 90112K, used 77167K [0x0000000705200000, 0x0000000800000000)
  region size 2048K, 22 young (45056K), 2 survivors (4096K)
 Metaspace       used 60881K, committed 62400K, reserved 1114112K
  class space    used 8654K, committed 9408K, reserved 1048576K
}
Event: 5.974 GC heap after
{Heap after GC invocations=16 (full 0):
 garbage-first heap   total 108544K, used 42883K [0x0000000705200000, 0x0000000800000000)
  region size 2048K, 3 young (6144K), 3 survivors (6144K)
 Metaspace       used 60881K, committed 62400K, reserved 1114112K
  class space    used 8654K, committed 9408K, reserved 1048576K
}
Event: 6.530 GC heap before
{Heap before GC invocations=16 (full 0):
 garbage-first heap   total 108544K, used 104323K [0x0000000705200000, 0x0000000800000000)
  region size 2048K, 29 young (59392K), 3 survivors (6144K)
 Metaspace       used 65709K, committed 67456K, reserved 1114112K
  class space    used 9468K, committed 10304K, reserved 1048576K
}
Event: 6.536 GC heap after
{Heap after GC invocations=17 (full 0):
 garbage-first heap   total 116736K, used 54304K [0x0000000705200000, 0x0000000800000000)
  region size 2048K, 4 young (8192K), 4 survivors (8192K)
 Metaspace       used 65709K, committed 67456K, reserved 1114112K
  class space    used 9468K, committed 10304K, reserved 1048576K
}
Event: 6.937 GC heap before
{Heap before GC invocations=17 (full 0):
 garbage-first heap   total 116736K, used 103456K [0x0000000705200000, 0x0000000800000000)
  region size 2048K, 28 young (57344K), 4 survivors (8192K)
 Metaspace       used 71853K, committed 73664K, reserved 1114112K
  class space    used 10316K, committed 11200K, reserved 1048576K
}
Event: 6.941 GC heap after
{Heap after GC invocations=18 (full 0):
 garbage-first heap   total 116736K, used 56134K [0x0000000705200000, 0x0000000800000000)
  region size 2048K, 3 young (6144K), 3 survivors (6144K)
 Metaspace       used 71853K, committed 73664K, reserved 1114112K
  class space    used 10316K, committed 11200K, reserved 1048576K
}
Event: 7.275 GC heap before
{Heap before GC invocations=18 (full 0):
 garbage-first heap   total 116736K, used 97094K [0x0000000705200000, 0x0000000800000000)
  region size 2048K, 24 young (49152K), 3 survivors (6144K)
 Metaspace       used 74917K, committed 76672K, reserved 1114112K
  class space    used 10747K, committed 11584K, reserved 1048576K
}
Event: 7.280 GC heap after
{Heap after GC invocations=19 (full 0):
 garbage-first heap   total 116736K, used 58061K [0x0000000705200000, 0x0000000800000000)
  region size 2048K, 2 young (4096K), 2 survivors (4096K)
 Metaspace       used 74917K, committed 76672K, reserved 1114112K
  class space    used 10747K, committed 11584K, reserved 1048576K
}
Event: 7.749 GC heap before
{Heap before GC invocations=20 (full 0):
 garbage-first heap   total 116736K, used 107213K [0x0000000705200000, 0x0000000800000000)
  region size 2048K, 25 young (51200K), 2 survivors (4096K)
 Metaspace       used 77977K, committed 79744K, reserved 1179648K
  class space    used 11209K, committed 12096K, reserved 1048576K
}
Event: 7.752 GC heap after
{Heap after GC invocations=21 (full 0):
 garbage-first heap   total 143360K, used 65362K [0x0000000705200000, 0x0000000800000000)
  region size 2048K, 4 young (8192K), 4 survivors (8192K)
 Metaspace       used 77977K, committed 79744K, reserved 1179648K
  class space    used 11209K, committed 12096K, reserved 1048576K
}
Event: 9.591 GC heap before
{Heap before GC invocations=21 (full 0):
 garbage-first heap   total 143360K, used 124754K [0x0000000705200000, 0x0000000800000000)
  region size 2048K, 34 young (69632K), 4 survivors (8192K)
 Metaspace       used 82634K, committed 84480K, reserved 1179648K
  class space    used 11957K, committed 12864K, reserved 1048576K
}
Event: 9.597 GC heap after
{Heap after GC invocations=22 (full 0):
 garbage-first heap   total 143360K, used 68812K [0x0000000705200000, 0x0000000800000000)
  region size 2048K, 5 young (10240K), 5 survivors (10240K)
 Metaspace       used 82634K, committed 84480K, reserved 1179648K
  class space    used 11957K, committed 12864K, reserved 1048576K
}
Event: 10.261 GC heap before
{Heap before GC invocations=22 (full 0):
 garbage-first heap   total 143360K, used 126156K [0x0000000705200000, 0x0000000800000000)
  region size 2048K, 34 young (69632K), 5 survivors (10240K)
 Metaspace       used 84705K, committed 86592K, reserved 1179648K
  class space    used 12265K, committed 13184K, reserved 1048576K
}
Event: 10.266 GC heap after
{Heap after GC invocations=23 (full 0):
 garbage-first heap   total 145408K, used 74775K [0x0000000705200000, 0x0000000800000000)
  region size 2048K, 5 young (10240K), 5 survivors (10240K)
 Metaspace       used 84705K, committed 86592K, reserved 1179648K
  class space    used 12265K, committed 13184K, reserved 1048576K
}
Event: 10.429 GC heap before
{Heap before GC invocations=23 (full 0):
 garbage-first heap   total 145408K, used 128023K [0x0000000705200000, 0x0000000800000000)
  region size 2048K, 32 young (65536K), 5 survivors (10240K)
 Metaspace       used 84919K, committed 86848K, reserved 1179648K
  class space    used 12268K, committed 13184K, reserved 1048576K
}
Event: 10.436 GC heap after
{Heap after GC invocations=24 (full 0):
 garbage-first heap   total 145408K, used 78324K [0x0000000705200000, 0x0000000800000000)
  region size 2048K, 3 young (6144K), 3 survivors (6144K)
 Metaspace       used 84919K, committed 86848K, reserved 1179648K
  class space    used 12268K, committed 13184K, reserved 1048576K
}
Event: 10.551 GC heap before
{Heap before GC invocations=25 (full 0):
 garbage-first heap   total 145408K, used 127476K [0x0000000705200000, 0x0000000800000000)
  region size 2048K, 28 young (57344K), 3 survivors (6144K)
 Metaspace       used 84923K, committed 86848K, reserved 1179648K
  class space    used 12268K, committed 13184K, reserved 1048576K
}
Event: 10.554 GC heap after
{Heap after GC invocations=26 (full 0):
 garbage-first heap   total 145408K, used 80218K [0x0000000705200000, 0x0000000800000000)
  region size 2048K, 3 young (6144K), 3 survivors (6144K)
 Metaspace       used 84923K, committed 86848K, reserved 1179648K
  class space    used 12268K, committed 13184K, reserved 1048576K
}
Event: 10.996 GC heap before
{Heap before GC invocations=26 (full 0):
 garbage-first heap   total 145408K, used 133466K [0x0000000705200000, 0x0000000800000000)
  region size 2048K, 28 young (57344K), 3 survivors (6144K)
 Metaspace       used 86041K, committed 88000K, reserved 1179648K
  class space    used 12415K, committed 13376K, reserved 1048576K
}

