# JRE version: OpenJDK Runtime Environment Temurin-17.0.18+8 (17.0.18+8) (build 17.0.18+8)
# Java VM: OpenJDK 64-Bit Server VM Temurin-17.0.18+8 (17.0.18+8, mixed mode, sharing, tiered, compressed oops, compressed class ptrs, g1 gc, windows-amd64)
GC Precious Log:
 CPUs: 12 total, 12 available
 Memory: 16052M
 Large Page Support: Disabled
 NUMA Support: Disabled
 Compressed Oops: Enabled (Zero based)
 Heap Region Size: 2M
 Heap Min Capacity: 8M
 Heap Initial Capacity: 252M
 Heap Max Capacity: 4014M
 Pre-touch: Disabled
 Parallel Workers: 10
 Concurrent Workers: 3
 Concurrent Refinement Workers: 10
 Periodic GC: Disabled
Heap:
 garbage-first heap   total 178176K, used 129742K [0x0000000705200000, 0x0000000800000000)
  region size 2048K, 21 young (43008K), 1 survivors (2048K)
 Metaspace       used 67456K, committed 67968K, reserved 1114112K
  class space    used 7367K, committed 7616K, reserved 1048576K
GC Heap History (20 events):
Event: 2.942 GC heap before
{Heap before GC invocations=10 (full 0):
 garbage-first heap   total 100352K, used 73959K [0x0000000705200000, 0x0000000800000000)
  region size 2048K, 13 young (26624K), 2 survivors (4096K)
 Metaspace       used 39600K, committed 39808K, reserved 1114112K
  class space    used 4842K, committed 4928K, reserved 1048576K
}
Event: 2.950 GC heap after
{Heap after GC invocations=11 (full 0):
 garbage-first heap   total 147456K, used 52761K [0x0000000705200000, 0x0000000800000000)
  region size 2048K, 1 young (2048K), 1 survivors (2048K)
 Metaspace       used 39600K, committed 39808K, reserved 1114112K
  class space    used 4842K, committed 4928K, reserved 1048576K
}
Event: 4.513 GC heap before
{Heap before GC invocations=12 (full 0):
 garbage-first heap   total 147456K, used 106009K [0x0000000705200000, 0x0000000800000000)
  region size 2048K, 27 young (55296K), 1 survivors (2048K)
 Metaspace       used 47260K, committed 47680K, reserved 1114112K
  class space    used 5693K, committed 5888K, reserved 1048576K
}
Event: 4.526 GC heap after
{Heap after GC invocations=13 (full 0):
 garbage-first heap   total 147456K, used 60530K [0x0000000705200000, 0x0000000800000000)
  region size 2048K, 4 young (8192K), 4 survivors (8192K)
 Metaspace       used 47260K, committed 47680K, reserved 1114112K
  class space    used 5693K, committed 5888K, reserved 1048576K
}
Event: 5.800 GC heap before
{Heap before GC invocations=13 (full 0):
 garbage-first heap   total 147456K, used 107634K [0x0000000705200000, 0x0000000800000000)
  region size 2048K, 27 young (55296K), 4 survivors (8192K)
 Metaspace       used 51117K, committed 51520K, reserved 1114112K
  class space    used 6089K, committed 6272K, reserved 1048576K
}
Event: 5.813 GC heap after
{Heap after GC invocations=14 (full 0):
 garbage-first heap   total 147456K, used 66335K [0x0000000705200000, 0x0000000800000000)
  region size 2048K, 3 young (6144K), 3 survivors (6144K)
 Metaspace       used 51117K, committed 51520K, reserved 1114112K
  class space    used 6089K, committed 6272K, reserved 1048576K
}
Event: 6.869 GC heap before
{Heap before GC invocations=14 (full 0):
 garbage-first heap   total 147456K, used 107295K [0x0000000705200000, 0x0000000800000000)
  region size 2048K, 24 young (49152K), 3 survivors (6144K)
 Metaspace       used 52872K, committed 53248K, reserved 1114112K
  class space    used 6148K, committed 6336K, reserved 1048576K
}
Event: 6.882 GC heap after
{Heap after GC invocations=15 (full 0):
 garbage-first heap   total 147456K, used 72320K [0x0000000705200000, 0x0000000800000000)
  region size 2048K, 3 young (6144K), 3 survivors (6144K)
 Metaspace       used 52872K, committed 53248K, reserved 1114112K
  class space    used 6148K, committed 6336K, reserved 1048576K
}
Event: 8.102 GC heap before
{Heap before GC invocations=15 (full 0):
 garbage-first heap   total 147456K, used 113280K [0x0000000705200000, 0x0000000800000000)
  region size 2048K, 23 young (47104K), 3 survivors (6144K)
 Metaspace       used 53909K, committed 54272K, reserved 1114112K
  class space    used 6172K, committed 6336K, reserved 1048576K
}
Event: 8.116 GC heap after
{Heap after GC invocations=16 (full 0):
 garbage-first heap   total 147456K, used 78688K [0x0000000705200000, 0x0000000800000000)
  region size 2048K, 3 young (6144K), 3 survivors (6144K)
 Metaspace       used 53909K, committed 54272K, reserved 1114112K
  class space    used 6172K, committed 6336K, reserved 1048576K
}
Event: 8.806 GC heap before
{Heap before GC invocations=17 (full 0):
 garbage-first heap   total 147456K, used 99168K [0x0000000705200000, 0x0000000800000000)
  region size 2048K, 14 young (28672K), 3 survivors (6144K)
 Metaspace       used 54274K, committed 54720K, reserved 1114112K
  class space    used 6180K, committed 6400K, reserved 1048576K
}
Event: 8.816 GC heap after
{Heap after GC invocations=18 (full 0):
 garbage-first heap   total 178176K, used 81283K [0x0000000705200000, 0x0000000800000000)
  region size 2048K, 2 young (4096K), 2 survivors (4096K)
 Metaspace       used 54274K, committed 54720K, reserved 1114112K
  class space    used 6180K, committed 6400K, reserved 1048576K
}
Event: 10.316 GC heap before
{Heap before GC invocations=18 (full 0):
 garbage-first heap   total 178176K, used 138627K [0x0000000705200000, 0x0000000800000000)
  region size 2048K, 29 young (59392K), 2 survivors (4096K)
 Metaspace       used 55092K, committed 55488K, reserved 1114112K
  class space    used 6241K, committed 6464K, reserved 1048576K
}
Event: 10.326 GC heap after
{Heap after GC invocations=19 (full 0):
 garbage-first heap   total 178176K, used 88021K [0x0000000705200000, 0x0000000800000000)
  region size 2048K, 4 young (8192K), 4 survivors (8192K)
 Metaspace       used 55092K, committed 55488K, reserved 1114112K
  class space    used 6241K, committed 6464K, reserved 1048576K
}
Event: 11.670 GC heap before
{Heap before GC invocations=19 (full 0):
 garbage-first heap   total 178176K, used 139221K [0x0000000705200000, 0x0000000800000000)
  region size 2048K, 29 young (59392K), 4 survivors (8192K)
 Metaspace       used 55698K, committed 56128K, reserved 1114112K
  class space    used 6266K, committed 6464K, reserved 1048576K
}
Event: 11.683 GC heap after
{Heap after GC invocations=20 (full 0):
 garbage-first heap   total 178176K, used 92303K [0x0000000705200000, 0x0000000800000000)
  region size 2048K, 3 young (6144K), 3 survivors (6144K)
 Metaspace       used 55698K, committed 56128K, reserved 1114112K
  class space    used 6266K, committed 6464K, reserved 1048576K
}
Event: 12.857 GC heap before
{Heap before GC invocations=21 (full 0):
 garbage-first heap   total 178176K, used 139407K [0x0000000705200000, 0x0000000800000000)
  region size 2048K, 27 young (55296K), 3 survivors (6144K)
 Metaspace       used 60813K, committed 61248K, reserved 1114112K
  class space    used 6792K, committed 6976K, reserved 1048576K
}
Event: 12.864 GC heap after
{Heap after GC invocations=22 (full 0):
 garbage-first heap   total 178176K, used 93964K [0x0000000705200000, 0x0000000800000000)
  region size 2048K, 3 young (6144K), 3 survivors (6144K)
 Metaspace       used 60813K, committed 61248K, reserved 1114112K
  class space    used 6792K, committed 6976K, reserved 1048576K
}
Event: 12.906 GC heap before
{Heap before GC invocations=22 (full 0):
 garbage-first heap   total 178176K, used 93964K [0x0000000705200000, 0x0000000800000000)
  region size 2048K, 4 young (8192K), 3 survivors (6144K)
 Metaspace       used 61254K, committed 61696K, reserved 1114112K
  class space    used 6844K, committed 7040K, reserved 1048576K
}
Event: 12.912 GC heap after
{Heap after GC invocations=23 (full 0):
 garbage-first heap   total 178176K, used 92878K [0x0000000705200000, 0x0000000800000000)
  region size 2048K, 1 young (2048K), 1 survivors (2048K)
 Metaspace       used 61254K, committed 61696K, reserved 1114112K
  class space    used 6844K, committed 7040K, reserved 1048576K
}

